<?xml version="1.0" encoding="UTF-8"?>
<robot generator="Robot 6.0.2 (Python 3.10.0 on win32)" generated="20230301 08:48:59.511" rpa="false" schemaversion="3">
<suite id="s1" name="Demo" source="C:\Users\nchdang\Desktop\TrainingProject\nchdang\src\test\java\com\training0802\demo\testcase\demo.robot">
<test id="s1-t1" name="TC01_GetID" line="10">
<kw name="Create Session" library="RequestsLibrary">
<arg>API_GetID_Testing</arg>
<arg>${API_Base_Endpoint}</arg>
<doc>Create Session: create a HTTP session to a server</doc>
<msg timestamp="20230301 08:48:59.593" level="INFO">Creating Session using : alias=API_GetID_Testing, url=https://thetestingworldapi.com/, headers={},                     cookies={}, auth=None, timeout=None, proxies=None, verify=False,                     debug=0 </msg>
<status status="PASS" starttime="20230301 08:48:59.593" endtime="20230301 08:48:59.593"/>
</kw>
<kw name="GET On Session" library="RequestsLibrary">
<var>${Get_Response}</var>
<arg>API_GetID_Testing</arg>
<arg>api/studentsDetails/100001</arg>
<doc>Sends a GET request on a previously created HTTP Session.</doc>
<msg timestamp="20230301 08:49:00.455" level="INFO">GET Request : url=https://thetestingworldapi.com/api/studentsDetails/100001 
 path_url=/api/studentsDetails/100001 
 headers={'User-Agent': 'python-requests/2.28.2', 'Accept-Encoding': 'gzip, deflate', 'Accept': '*/*', 'Connection': 'keep-alive'} 
 body=None 
 </msg>
<msg timestamp="20230301 08:49:00.455" level="INFO">GET Response : url=https://thetestingworldapi.com/api/studentsDetails/100001 
 status=200, reason=OK 
 headers={'Cache-Control': 'no-cache', 'Pragma': 'no-cache', 'Content-Type': 'application/json; charset=utf-8', 'Expires': '-1', 'Server': 'Microsoft-IIS/10.0', 'X-AspNet-Version': '4.0.30319', 'X-Powered-By': 'ASP.NET', 'X-Powered-By-Plesk': 'PleskWin', 'Date': 'Wed, 01 Mar 2023 01:48:59 GMT', 'Content-Length': '40'} 
 body={"status":"false","msg":"No data Found"} 
 </msg>
<msg timestamp="20230301 08:49:00.455" level="INFO">C:\Users\nchdang\AppData\Local\Programs\Python\Python310\lib\site-packages\urllib3\connectionpool.py:1045: InsecureRequestWarning: Unverified HTTPS request is being made to host 'thetestingworldapi.com'. Adding certificate verification is strongly advised. See: https://urllib3.readthedocs.io/en/1.26.x/advanced-usage.html#ssl-warnings
  warnings.warn(</msg>
<msg timestamp="20230301 08:49:00.455" level="INFO">${Get_Response} = &lt;Response [200]&gt;</msg>
<status status="PASS" starttime="20230301 08:48:59.593" endtime="20230301 08:49:00.455"/>
</kw>
<kw name="Log To Console" library="BuiltIn">
<arg>${Get_Response.status_code}</arg>
<doc>Logs the given message to the console.</doc>
<status status="PASS" starttime="20230301 08:49:00.455" endtime="20230301 08:49:00.455"/>
</kw>
<kw name="Log To Console" library="BuiltIn">
<arg>${Get_Response.content}</arg>
<doc>Logs the given message to the console.</doc>
<status status="PASS" starttime="20230301 08:49:00.456" endtime="20230301 08:49:00.456"/>
</kw>
<kw name="Convert To String" library="BuiltIn">
<var>${statusCode}</var>
<arg>${Get_Response.status_code}</arg>
<doc>Converts the given item to a Unicode string.</doc>
<msg timestamp="20230301 08:49:00.456" level="INFO">${statusCode} = 200</msg>
<status status="PASS" starttime="20230301 08:49:00.456" endtime="20230301 08:49:00.456"/>
</kw>
<kw name="Should Be Equal" library="BuiltIn">
<arg>${statusCode}</arg>
<arg>200</arg>
<doc>Fails if the given objects are unequal.</doc>
<status status="PASS" starttime="20230301 08:49:00.456" endtime="20230301 08:49:00.456"/>
</kw>
<status status="PASS" starttime="20230301 08:48:59.593" endtime="20230301 08:49:00.456"/>
</test>
<status status="PASS" starttime="20230301 08:48:59.512" endtime="20230301 08:49:00.457"/>
</suite>
<statistics>
<total>
<stat pass="1" fail="0" skip="0">All Tests</stat>
</total>
<tag>
</tag>
<suite>
<stat pass="1" fail="0" skip="0" id="s1" name="Demo">Demo</stat>
</suite>
</statistics>
<errors>
<msg timestamp="20230301 08:48:59.588" level="ERROR">Error in file 'C:\Users\nchdang\Desktop\TrainingProject\nchdang\src\test\java\com\training0802\demo\testcase\demo.robot' on line 3: Importing library 'JSONLibrary' failed: ModuleNotFoundError: No module named 'JSONLibrary'
Traceback (most recent call last):
  None
PYTHONPATH:
  C:\Users\nchdang\AppData\Local\Programs\Python\Python310\Scripts\robot.exe
  C:\Users\nchdang\AppData\Local\Programs\Python\Python310\python310.zip
  C:\Users\nchdang\AppData\Local\Programs\Python\Python310\DLLs
  C:\Users\nchdang\AppData\Local\Programs\Python\Python310\lib
  C:\Users\nchdang\AppData\Local\Programs\Python\Python310
  C:\Users\nchdang\AppData\Local\Programs\Python\Python310\lib\site-packages</msg>
</errors>
</robot>
