<?xml version="1.0" encoding="UTF-8"?>
<robot generator="Robot 6.0.2 (Python 3.10.0 on win32)" generated="20230301 15:48:13.382" rpa="false" schemaversion="3">
<suite id="s1" name="Demo" source="C:\Users\nchdang\Desktop\TrainingProject\nchdang\src\test\java\com\training0802\demo\testcase\demo.robot">
<test id="s1-t1" name="TC02_Get" line="18">
<kw name="Create Session" library="RequestsLibrary">
<arg>API_Get_Testing</arg>
<arg>${API_Base_Endpoint}</arg>
<doc>Create Session: create a HTTP session to a server</doc>
<msg timestamp="20230301 15:48:13.482" level="INFO">Creating Session using : alias=API_Get_Testing, url=http://localhost:8080/, headers={},                     cookies={}, auth=None, timeout=None, proxies=None, verify=False,                     debug=0 </msg>
<status status="PASS" starttime="20230301 15:48:13.482" endtime="20230301 15:48:13.482"/>
</kw>
<kw name="GET On Session" library="RequestsLibrary">
<var>${Get_Response}</var>
<arg>API_Get_Testing</arg>
<arg>api/account</arg>
<doc>Sends a GET request on a previously created HTTP Session.</doc>
<msg timestamp="20230301 15:48:13.493" level="INFO">GET Request : url=http://localhost:8080/api/account 
 path_url=/api/account 
 headers={'User-Agent': 'python-requests/2.28.2', 'Accept-Encoding': 'gzip, deflate', 'Accept': '*/*', 'Connection': 'keep-alive'} 
 body=None 
 </msg>
<msg timestamp="20230301 15:48:13.493" level="INFO">GET Response : url=http://localhost:8080/api/account 
 status=401, reason= 
 headers={'Vary': 'Origin, Access-Control-Request-Method, Access-Control-Request-Headers', 'Set-Cookie': 'JSESSIONID=B72FEE2B190746036200A465F8EA176D; Path=/; HttpOnly', 'WWW-Authenticate': 'Basic realm="Realm"', 'X-Content-Type-Options': 'nosniff', 'X-XSS-Protection': '0', 'Cache-Control': 'no-cache, no-store, max-age=0, must-revalidate', 'Pragma': 'no-cache', 'Expires': '0', 'X-Frame-Options': 'DENY', 'Content-Type': 'application/json', 'Transfer-Encoding': 'chunked', 'Date': 'Wed, 01 Mar 2023 08:48:13 GMT', 'Keep-Alive': 'timeout=60', 'Connection': 'keep-alive'} 
 body={"timestamp":"2023-03-01T08:48:13.492+00:00","status":401,"error":"Unauthorized","path":"/api/account"} 
 </msg>
<msg timestamp="20230301 15:48:13.493" level="FAIL">HTTPError: 401 Client Error:  for url: http://localhost:8080/api/account</msg>
<status status="FAIL" starttime="20230301 15:48:13.482" endtime="20230301 15:48:13.495"/>
</kw>
<kw name="Log To Console" library="BuiltIn">
<arg>${Get_Response.status_code}</arg>
<doc>Logs the given message to the console.</doc>
<status status="NOT RUN" starttime="20230301 15:48:13.495" endtime="20230301 15:48:13.495"/>
</kw>
<kw name="Log To Console" library="BuiltIn">
<arg>${Get_Response.content}</arg>
<doc>Logs the given message to the console.</doc>
<status status="NOT RUN" starttime="20230301 15:48:13.495" endtime="20230301 15:48:13.495"/>
</kw>
<kw name="Should Be Equal" library="BuiltIn">
<arg>${statusCode}</arg>
<arg>200</arg>
<doc>Fails if the given objects are unequal.</doc>
<status status="NOT RUN" starttime="20230301 15:48:13.495" endtime="20230301 15:48:13.495"/>
</kw>
<status status="FAIL" starttime="20230301 15:48:13.481" endtime="20230301 15:48:13.495">HTTPError: 401 Client Error:  for url: http://localhost:8080/api/account</status>
</test>
<status status="FAIL" starttime="20230301 15:48:13.383" endtime="20230301 15:48:13.495"/>
</suite>
<statistics>
<total>
<stat pass="0" fail="1" skip="0">All Tests</stat>
</total>
<tag>
</tag>
<suite>
<stat pass="0" fail="1" skip="0" id="s1" name="Demo">Demo</stat>
</suite>
</statistics>
<errors>
<msg timestamp="20230301 15:48:13.476" level="ERROR">Error in file 'C:\Users\nchdang\Desktop\TrainingProject\nchdang\src\test\java\com\training0802\demo\testcase\demo.robot' on line 3: Importing library 'JSONLibrary' failed: ModuleNotFoundError: No module named 'JSONLibrary'
Traceback (most recent call last):
  None
PYTHONPATH:
  C:\Users\nchdang\AppData\Local\Programs\Python\Python310\Scripts\robot.exe
  C:\Users\nchdang\AppData\Local\Programs\Python\Python310\python310.zip
  C:\Users\nchdang\AppData\Local\Programs\Python\Python310\DLLs
  C:\Users\nchdang\AppData\Local\Programs\Python\Python310\lib
  C:\Users\nchdang\AppData\Local\Programs\Python\Python310
  C:\Users\nchdang\AppData\Local\Programs\Python\Python310\lib\site-packages</msg>
</errors>
</robot>
