<?xml version="1.0" encoding="UTF-8"?>
<robot generator="Robot 6.0.2 (Python 3.10.0 on win32)" generated="20230306 16:57:52.420" rpa="false" schemaversion="3">
<suite id="s1" name="Demo" source="C:\Users\nchdang\Desktop\TrainingProject\nchdang\src\test\java\com\training0802\demo\testcase\demo.robot">
<test id="s1-t1" name="TC06_UpdateAccountById" line="82">
<kw name="Create List" library="BuiltIn">
<var>${auth}</var>
<arg>${user}</arg>
<arg>${passwd}</arg>
<doc>Returns a list containing given items.</doc>
<msg timestamp="20230306 16:57:52.506" level="INFO">${auth} = ['admin', '123456']</msg>
<status status="PASS" starttime="20230306 16:57:52.506" endtime="20230306 16:57:52.506"/>
</kw>
<kw name="Create Session" library="RequestsLibrary">
<arg>UpdateAccount</arg>
<arg>${API_Base_Endpoint}</arg>
<arg>headers=${headers}</arg>
<arg>auth=${auth}</arg>
<doc>Create Session: create a HTTP session to a server</doc>
<msg timestamp="20230306 16:57:52.506" level="INFO">Creating Session using : alias=UpdateAccount, url=http://localhost:8080/, headers={'Content-Type': 'application/json', 'Authorization': 'Basic YWRtaW46MTIzNDU2'},                     cookies={}, auth=&lt;requests.auth.HTTPBasicAuth object at 0x0000022679D0E680&gt;, timeout=None, proxies=None, verify=False,                     debug=0 </msg>
<status status="PASS" starttime="20230306 16:57:52.506" endtime="20230306 16:57:52.506"/>
</kw>
<kw name="Create Dictionary" library="BuiltIn">
<var>${body}</var>
<arg>name=dang</arg>
<arg>gender=male</arg>
<arg>role=user</arg>
<arg>phone=123</arg>
<arg>email=dang@mail.com username=dangdang</arg>
<arg>password=123456</arg>
<doc>Creates and returns a dictionary based on the given ``items``.</doc>
<msg timestamp="20230306 16:57:52.506" level="INFO">${body} = {'name': 'dang', 'gender': 'male', 'role': 'user', 'phone': '123', 'email': 'dang@mail.com username=dangdang', 'password': '123456'}</msg>
<status status="PASS" starttime="20230306 16:57:52.506" endtime="20230306 16:57:52.506"/>
</kw>
<kw name="Create Dictionary" library="BuiltIn">
<var>${header}</var>
<arg>Content-Type=application/json</arg>
<doc>Creates and returns a dictionary based on the given ``items``.</doc>
<msg timestamp="20230306 16:57:52.507" level="INFO">${header} = {'Content-Type': 'application/json'}</msg>
<status status="PASS" starttime="20230306 16:57:52.506" endtime="20230306 16:57:52.507"/>
</kw>
<kw name="Put Request" library="RequestsLibrary">
<var>${res}</var>
<arg>UpdateAccount</arg>
<arg>api/account/163</arg>
<arg>data=${body}</arg>
<arg>headers=${header}</arg>
<doc>*DEPRECATED* Please use `PUT On Session` instead.</doc>
<msg timestamp="20230306 16:57:52.507" level="WARN">Keyword 'RequestsLibrary.Put Request' is deprecated. Please use `PUT On Session` instead.</msg>
<msg timestamp="20230306 16:57:52.587" level="INFO">PUT Request : url=http://localhost:8080/api/account/163 
 path_url=/api/account/163 
 headers={'User-Agent': 'python-requests/2.28.2', 'Accept-Encoding': 'gzip, deflate', 'Accept': '*/*', 'Connection': 'keep-alive', 'Content-Type': 'application/json', 'Authorization': 'Basic YWRtaW46MTIzNDU2', 'Content-Length': '132'} 
 body={"name": "dang", "gender": "male", "role": "user", "phone": "123", "email": "dang@mail.com username=dangdang", "password": "123456"} 
 </msg>
<msg timestamp="20230306 16:57:52.587" level="INFO">PUT Response : url=http://localhost:8080/api/account/163 
 status=200, reason= 
 headers={'Vary': 'Origin, Access-Control-Request-Method, Access-Control-Request-Headers', 'X-Content-Type-Options': 'nosniff', 'X-XSS-Protection': '0', 'Cache-Control': 'no-cache, no-store, max-age=0, must-revalidate', 'Pragma': 'no-cache', 'Expires': '0', 'X-Frame-Options': 'DENY', 'Content-Type': 'application/json', 'Transfer-Encoding': 'chunked', 'Date': 'Mon, 06 Mar 2023 09:57:52 GMT', 'Keep-Alive': 'timeout=60', 'Connection': 'keep-alive'} 
 body={"status":0,"message":"Update account successfully with id: 163","data":{"id":163,"name":"dang","birthDate":null,"gender":"male","role":"user","phone":"123","email":"dang@mail.com username=dangdang","idNumber":0,"house":null,"position":null,"username":null,"password":"123456","startedDate":null,"status":null,"description":null}} 
 </msg>
<msg timestamp="20230306 16:57:52.587" level="INFO">${res} = &lt;Response [200]&gt;</msg>
<status status="PASS" starttime="20230306 16:57:52.507" endtime="20230306 16:57:52.587"/>
</kw>
<kw name="Log To Console" library="BuiltIn">
<arg>${res.status_code}</arg>
<doc>Logs the given message to the console.</doc>
<status status="PASS" starttime="20230306 16:57:52.587" endtime="20230306 16:57:52.588"/>
</kw>
<kw name="Log To Console" library="BuiltIn">
<arg>${res.content}</arg>
<doc>Logs the given message to the console.</doc>
<status status="PASS" starttime="20230306 16:57:52.588" endtime="20230306 16:57:52.588"/>
</kw>
<kw name="Convert To String" library="BuiltIn">
<var>${statusCode}</var>
<arg>${res.status_code}</arg>
<doc>Converts the given item to a Unicode string.</doc>
<msg timestamp="20230306 16:57:52.588" level="INFO">${statusCode} = 200</msg>
<status status="PASS" starttime="20230306 16:57:52.588" endtime="20230306 16:57:52.589"/>
</kw>
<kw name="Should Be Equal" library="BuiltIn">
<arg>${statusCode}</arg>
<arg>200</arg>
<doc>Fails if the given objects are unequal.</doc>
<status status="PASS" starttime="20230306 16:57:52.589" endtime="20230306 16:57:52.589"/>
</kw>
<kw name="Convert To String" library="BuiltIn">
<var>${body}</var>
<arg>${res.content}</arg>
<doc>Converts the given item to a Unicode string.</doc>
<msg timestamp="20230306 16:57:52.589" level="INFO">${body} = {"status":0,"message":"Update account successfully with id: 163","data":{"id":163,"name":"dang","birthDate":null,"gender":"male","role":"user","phone":"123","email":"dang@mail.com username=dangdang","...</msg>
<status status="PASS" starttime="20230306 16:57:52.589" endtime="20230306 16:57:52.589"/>
</kw>
<kw name="Should Contain" library="BuiltIn">
<arg>${body}</arg>
<arg>0</arg>
<doc>Fails if ``container`` does not contain ``item`` one or more times.</doc>
<status status="PASS" starttime="20230306 16:57:52.589" endtime="20230306 16:57:52.589"/>
</kw>
<kw name="Should Contain" library="BuiltIn">
<arg>${body}</arg>
<arg>Update account successfully</arg>
<doc>Fails if ``container`` does not contain ``item`` one or more times.</doc>
<status status="PASS" starttime="20230306 16:57:52.589" endtime="20230306 16:57:52.589"/>
</kw>
<kw name="Should Contain" library="BuiltIn">
<arg>${body}</arg>
<arg>dang</arg>
<doc>Fails if ``container`` does not contain ``item`` one or more times.</doc>
<status status="PASS" starttime="20230306 16:57:52.589" endtime="20230306 16:57:52.590"/>
</kw>
<status status="PASS" starttime="20230306 16:57:52.505" endtime="20230306 16:57:52.590"/>
</test>
<status status="PASS" starttime="20230306 16:57:52.422" endtime="20230306 16:57:52.590"/>
</suite>
<statistics>
<total>
<stat pass="1" fail="0" skip="0">All Tests</stat>
</total>
<tag>
</tag>
<suite>
<stat pass="1" fail="0" skip="0" id="s1" name="Demo">Demo</stat>
</suite>
</statistics>
<errors>
<msg timestamp="20230306 16:57:52.501" level="ERROR">Error in file 'C:\Users\nchdang\Desktop\TrainingProject\nchdang\src\test\java\com\training0802\demo\testcase\demo.robot' on line 3: Importing library 'JSONLibrary' failed: ModuleNotFoundError: No module named 'JSONLibrary'
Traceback (most recent call last):
  None
PYTHONPATH:
  C:\Users\nchdang\AppData\Local\Programs\Python\Python310\Scripts\robot.exe
  C:\Users\nchdang\AppData\Local\Programs\Python\Python310\python310.zip
  C:\Users\nchdang\AppData\Local\Programs\Python\Python310\DLLs
  C:\Users\nchdang\AppData\Local\Programs\Python\Python310\lib
  C:\Users\nchdang\AppData\Local\Programs\Python\Python310
  C:\Users\nchdang\AppData\Local\Programs\Python\Python310\lib\site-packages</msg>
<msg timestamp="20230306 16:57:52.507" level="WARN">Keyword 'RequestsLibrary.Put Request' is deprecated. Please use `PUT On Session` instead.</msg>
</errors>
</robot>
